AndroidPlot-Core/build/outputs/logs/manifest-merger-debug-report.txt
-- Merging decision tree log ---
manifest
ADDED from AirQualityMonitor\AndroidPlot-Core\AndroidManifest.xml:1:1-4:33
INJECTED from AirQualityMonitor\AndroidPlot-Core\AndroidManifest.xml:1:1-4:33
INJECTED from AirQualityMonitor\AndroidPlot-Core\AndroidManifest.xml:1:1-4:33
INJECTED from AirQualityMonitor\AndroidPlot-Core\AndroidManifest.xml:1:1-4:33
INJECTED from AirQualityMonitor\AndroidPlot-Core\AndroidManifest.xml:1:1-4:33
INJECTED from AirQualityMonitor\AndroidPlot-Core\AndroidManifest.xml:1:1-4:33
INJECTED from AirQualityMonitor\AndroidPlot-Core\AndroidManifest.xml:1:1-4:33
	package
		ADDED from AirQualityMonitor\AndroidPlot-Core\AndroidManifest.xml:2:5-30
		INJECTED from AirQualityMonitor\AndroidPlot-Core\AndroidManifest.xml
		INJECTED from AirQualityMonitor\AndroidPlot-Core\AndroidManifest.xml
	android:versionName
		ADDED from AirQualityMonitor\AndroidPlot-Core\AndroidManifest.xml:4:5-30
		INJECTED from AirQualityMonitor\AndroidPlot-Core\AndroidManifest.xml
		INJECTED from AirQualityMonitor\AndroidPlot-Core\AndroidManifest.xml
	xmlns:android
		ADDED from AirQualityMonitor\AndroidPlot-Core\AndroidManifest.xml:1:11-69
	android:versionCode
		ADDED from AirQualityMonitor\AndroidPlot-Core\AndroidManifest.xml:3:5-28
		INJECTED from AirQualityMonitor\AndroidPlot-Core\AndroidManifest.xml
		INJECTED from AirQualityMonitor\AndroidPlot-Core\AndroidManifest.xml